2017-12-02 14:35:23,085 - Init world
2017-12-02 14:37:20,741 - Init world
2017-12-02 14:38:22,907 - Init world
2017-12-02 14:38:51,502 - Init world
2017-12-02 16:47:12,957 - Login
2017-12-02 16:47:13,209 - Login
2017-12-02 16:49:10,774 - Login
2017-12-02 16:49:10,962 - Login
2017-12-02 16:50:07,809 - Login
2017-12-02 16:50:07,993 - Login
2017-12-02 16:51:12,872 - Login
2017-12-02 16:51:13,060 - Login
2017-12-02 17:04:27,479 - Login
2017-12-02 17:04:27,664 - Login
2017-12-02 17:12:32,868 - Login
2017-12-02 17:12:33,050 - Login
2017-12-02 17:14:39,612 - Login
2017-12-02 17:14:39,794 - Login
2017-12-02 17:15:55,850 - Login
2017-12-02 17:15:56,038 - Login
2017-12-02 17:16:39,631 - Login
2017-12-02 17:16:39,819 - Login
2017-12-02 17:18:41,799 - Login
2017-12-02 17:18:41,983 - Login
2017-12-02 17:43:05,267 - Login
2017-12-02 17:43:05,298 - Login
2017-12-02 17:44:37,732 - Login
2017-12-02 17:44:37,762 - Login
2017-12-02 17:45:57,474 - Login
2017-12-02 17:45:57,504 - Login
2017-12-02 17:50:06,943 - Login
2017-12-02 17:50:06,973 - Login
2017-12-02 17:50:07,002 - Login
2017-12-02 17:51:48,836 - Login
2017-12-02 17:51:48,866 - Login
2017-12-02 17:51:48,896 - Login
2017-12-02 17:51:48,925 - Login
2017-12-02 17:57:48,045 - Login
2017-12-02 17:57:48,074 - Login
2017-12-02 17:57:48,104 - Login
2017-12-02 17:57:48,134 - Login
2017-12-02 17:57:48,163 - Login
2017-12-02 17:58:01,904 - Login
2017-12-02 17:58:01,933 - Login
2017-12-02 17:58:01,963 - Login
2017-12-02 17:58:01,992 - Login
2017-12-02 17:58:02,022 - Login
2017-12-02 17:59:31,690 - Login
2017-12-02 17:59:31,719 - Login
2017-12-02 17:59:31,748 - Login
2017-12-02 17:59:31,777 - Login
2017-12-02 17:59:31,806 - Login
2017-12-02 18:00:39,134 - Login
2017-12-02 18:00:39,163 - Login
2017-12-02 18:00:39,193 - Login
2017-12-02 18:00:39,222 - Login
2017-12-02 18:00:39,251 - Login
2017-12-02 18:00:39,289 - Login
2017-12-02 18:02:27,969 - Login
2017-12-02 18:02:27,999 - Login
2017-12-02 18:02:28,028 - Login
2017-12-02 18:02:28,057 - Login
2017-12-02 18:02:28,087 - Login
2017-12-02 18:02:28,116 - Login
2017-12-02 18:03:06,326 - Login
2017-12-02 18:03:21,522 - Login
2017-12-02 18:04:16,911 - Login
2017-12-02 18:04:36,621 - Login
2017-12-02 18:27:58,969 - Login
2017-12-02 18:50:31,513 - Login
2017-12-02 18:51:11,248 - Login
2017-12-02 18:51:11,278 - Login
2017-12-02 18:51:11,308 - Login
2017-12-02 18:51:11,338 - Login
2017-12-02 18:51:11,367 - Login
2017-12-02 18:51:11,681 - Login
2017-12-02 18:52:58,644 - Login
2017-12-02 18:53:12,810 - Login
2017-12-02 19:04:46,749 - Login
2017-12-02 19:07:51,917 - Login
2017-12-02 19:08:20,616 - Login
2017-12-02 19:09:33,417 - Login
2017-12-02 19:11:27,555 - Login
2017-12-02 19:12:32,283 - Login
2017-12-02 19:12:44,841 - Login
2017-12-02 19:13:48,520 - Login
2017-12-02 19:14:52,204 - Login
2017-12-02 19:15:42,796 - Login
2017-12-02 19:16:49,070 - Login
2017-12-02 19:17:06,832 - Login
2017-12-02 20:32:44,875 - Login
2017-12-02 20:33:02,067 - Login
2017-12-02 20:35:48,377 - Login
2017-12-02 20:36:10,681 - Login
2017-12-02 20:36:49,627 - Login
2017-12-02 20:36:49,630 - move - 1
2017-12-02 20:36:50,133 - move - 1
2017-12-02 20:36:50,636 - move - 1
2017-12-02 20:36:51,139 - move - 1
2017-12-02 20:36:51,642 - move - 1
2017-12-02 20:36:52,144 - move - 1
2017-12-02 20:36:52,648 - move - 1
2017-12-02 20:36:53,151 - move - 1
2017-12-02 20:36:53,654 - move - 1
2017-12-02 20:36:54,157 - move - 1
2017-12-02 20:36:54,660 - move - 1
2017-12-02 20:36:55,163 - move - 1
2017-12-02 20:36:55,666 - move - 1
2017-12-02 20:36:56,169 - move - 1
2017-12-02 20:36:56,672 - move - 1
2017-12-02 20:36:57,176 - move - 1
2017-12-02 20:36:57,679 - move - 1
2017-12-02 20:36:58,182 - move - 1
2017-12-02 20:36:58,684 - move - 1
2017-12-02 20:36:59,188 - move - 1
2017-12-02 20:36:59,691 - move - 1
2017-12-02 20:37:00,194 - move - 1
2017-12-02 20:37:00,697 - move - 1
2017-12-02 20:37:01,200 - move - 1
2017-12-02 20:37:01,704 - move - 1
2017-12-02 20:37:02,207 - move - 1
2017-12-02 20:37:02,709 - move - 1
2017-12-02 21:16:30,854 - Login
2017-12-02 21:16:30,855 - move - 1
2017-12-02 21:16:31,358 - move - 1
2017-12-02 21:16:31,861 - move - 1
2017-12-02 21:16:32,364 - move - 1
2017-12-02 21:16:32,867 - move - 1
2017-12-02 21:16:33,370 - move - 1
2017-12-02 21:16:33,873 - move - 1
2017-12-02 21:16:34,376 - move - 1
2017-12-02 21:16:34,879 - move - 1
2017-12-02 21:16:35,382 - move - 1
2017-12-02 21:16:35,885 - move - 1
2017-12-02 21:16:36,388 - move - 1
2017-12-02 21:16:36,891 - move - 1
2017-12-02 21:16:37,394 - move - 1
2017-12-02 21:16:37,897 - move - 1
2017-12-02 21:16:38,400 - move - 1
2017-12-02 21:16:38,903 - move - 1
2017-12-02 21:16:39,407 - move - 1
2017-12-02 21:16:39,910 - move - 1
2017-12-02 21:16:40,413 - move - 1
2017-12-02 21:16:40,916 - move - 1
2017-12-02 21:16:41,419 - move - 1
2017-12-02 21:16:41,922 - move - 1
2017-12-02 21:16:42,425 - move - 1
2017-12-02 21:16:42,928 - move - 1
2017-12-02 21:16:43,431 - move - 1
2017-12-02 21:16:43,934 - move - 1
2017-12-02 21:16:44,437 - move - 1
2017-12-02 21:17:08,907 - Login
2017-12-02 21:17:08,908 - move - 1
2017-12-02 21:17:13,928 - move - 1
2017-12-02 21:17:18,950 - move - 1
2017-12-02 21:17:23,971 - move - 1
2017-12-02 21:17:28,992 - move - 1
2017-12-02 21:17:34,014 - move - 1
2017-12-02 21:17:39,447 - Login
2017-12-02 21:17:40,027 - move - 1
2017-12-02 21:17:45,048 - move - 1
2017-12-02 21:17:50,070 - move - 1
2017-12-02 21:18:19,997 - Login
2017-12-02 21:18:20,607 - move - 1
2017-12-02 21:18:26,730 - move - 1
2017-12-02 21:18:32,027 - move - 1
2017-12-02 21:18:37,325 - move - 1
2017-12-02 21:18:42,621 - move - 1
2017-12-02 21:18:47,928 - move - 1
2017-12-02 21:18:53,238 - move - 1
2017-12-02 21:18:58,539 - move - 1
2017-12-02 21:19:03,843 - move - 1
2017-12-02 21:19:09,138 - move - 1
2017-12-02 21:20:43,169 - Login
2017-12-02 21:20:43,769 - line - 1, speed - 1, train -0
2017-12-02 21:20:48,790 - line - 1, speed - -1, train -0
2017-12-02 21:20:53,817 - line - 1, speed - 1, train -0
2017-12-02 21:21:11,272 - Login
2017-12-02 21:21:11,879 - line - 1, speed - 1, train -0
2017-12-02 21:21:22,066 - line - 1, speed - -1, train -0
2017-12-02 21:21:27,087 - line - 1, speed - 1, train -0
2017-12-02 21:22:20,001 - Login
2017-12-02 21:22:20,601 - line - 1, speed - 1, train -0
2017-12-02 21:22:32,367 - line - 1, speed - -1, train -0
2017-12-02 21:22:37,680 - line - 1, speed - 1, train -0
2017-12-02 21:23:19,496 - Login
2017-12-02 21:23:20,080 - line - 1, speed - 1, train -0
2017-12-02 21:23:24,426 - line - 1, speed - -1, train -0
2017-12-02 21:23:26,426 - line - 1, speed - 1, train -0
2017-12-02 21:23:28,426 - line - 1, speed - -1, train -0
2017-12-02 21:23:30,426 - line - 1, speed - 1, train -0
2017-12-02 21:23:32,426 - line - 1, speed - -1, train -0
2017-12-02 21:23:34,426 - line - 1, speed - 1, train -0
2017-12-02 21:23:36,426 - line - 1, speed - -1, train -0
2017-12-02 21:23:38,426 - line - 1, speed - 1, train -0
2017-12-02 21:23:40,427 - line - 1, speed - -1, train -0
2017-12-02 21:23:42,427 - line - 1, speed - 1, train -0
2017-12-02 21:23:44,427 - line - 1, speed - -1, train -0
2017-12-02 21:23:46,427 - line - 1, speed - 1, train -0
2017-12-02 21:23:48,427 - line - 1, speed - -1, train -0
2017-12-02 21:23:50,427 - line - 1, speed - 1, train -0
2017-12-02 21:23:52,427 - line - 1, speed - -1, train -0
2017-12-02 21:25:31,152 - Login
2017-12-02 21:25:31,764 - line - 1, speed - 1, train -0
2017-12-02 21:25:34,606 - line - 1, speed - -1, train -0
2017-12-02 21:25:34,936 - line - 1, speed - 1, train -0
2017-12-02 21:25:35,266 - line - 1, speed - -1, train -0
2017-12-02 21:25:35,596 - line - 1, speed - 1, train -0
2017-12-02 21:25:35,926 - line - 1, speed - -1, train -0
2017-12-02 21:25:36,256 - line - 1, speed - 1, train -0
2017-12-02 21:25:36,586 - line - 1, speed - -1, train -0
2017-12-02 21:25:36,916 - line - 1, speed - 1, train -0
2017-12-02 21:25:37,246 - line - 1, speed - -1, train -0
2017-12-02 21:25:37,576 - line - 1, speed - 1, train -0
2017-12-02 21:25:37,906 - line - 1, speed - -1, train -0
2017-12-02 21:25:38,236 - line - 1, speed - 1, train -0
2017-12-02 21:25:38,566 - line - 1, speed - -1, train -0
2017-12-02 21:25:38,896 - line - 1, speed - 1, train -0
2017-12-02 21:25:40,711 - line - 1, speed - -1, train -0
2017-12-02 21:25:41,041 - line - 1, speed - 1, train -0
2017-12-02 21:25:41,372 - line - 1, speed - -1, train -0
2017-12-02 21:25:42,792 - line - 1, speed - 1, train -0
2017-12-02 21:25:43,122 - line - 1, speed - -1, train -0
2017-12-02 21:25:43,452 - line - 1, speed - 1, train -0
2017-12-02 21:28:40,891 - Login
2017-12-02 21:28:41,489 - line - 1, speed - 1, train -0
2017-12-02 21:28:43,554 - line - 1, speed - -1, train -0
2017-12-02 21:28:43,884 - line - 1, speed - 1, train -0
2017-12-02 21:28:44,214 - line - 1, speed - -1, train -0
2017-12-02 21:29:15,243 - Login
2017-12-02 21:29:15,864 - line - 1, speed - 1, train -0
2017-12-02 21:29:17,202 - line - 1, speed - -1, train -0
2017-12-02 21:29:17,532 - line - 1, speed - 1, train -0
2017-12-02 21:29:17,862 - line - 1, speed - -1, train -0
2017-12-02 21:29:21,420 - line - 1, speed - 1, train -0
2017-12-02 21:29:21,750 - line - 1, speed - -1, train -0
2017-12-02 21:29:22,080 - line - 1, speed - 1, train -0
2017-12-02 21:29:22,410 - line - 1, speed - -1, train -0
2017-12-02 21:44:17,616 - Login
2017-12-02 21:44:18,202 - line - 1, speed - 1, train -0
2017-12-02 21:44:21,736 - line - 1, speed - -1, train -0
2017-12-02 21:44:22,066 - line - 1, speed - 1, train -0
2017-12-02 21:44:24,409 - line - 1, speed - -1, train -0
2017-12-02 21:44:31,374 - line - 1, speed - 1, train -0
2017-12-02 21:44:34,146 - line - 1, speed - -1, train -0
2017-12-02 21:44:35,927 - line - 1, speed - 1, train -0
2017-12-02 21:44:37,214 - line - 1, speed - -1, train -0
2017-12-02 21:44:38,337 - line - 1, speed - 1, train -0
2017-12-02 21:44:39,855 - line - 1, speed - -1, train -0
2017-12-02 21:44:40,614 - line - 1, speed - 1, train -0
2017-12-02 21:44:41,439 - line - 1, speed - -1, train -0
2017-12-02 21:44:41,769 - line - 1, speed - 1, train -0
2017-12-02 21:44:42,099 - line - 1, speed - -1, train -0
2017-12-02 21:44:44,211 - line - 1, speed - 1, train -0
2017-12-02 21:44:44,541 - line - 1, speed - -1, train -0
2017-12-02 22:08:31,005 - Login
2017-12-02 22:08:31,667 - line - 1, speed - 1, train -0
2017-12-02 22:09:11,033 - Login
2017-12-02 22:09:11,636 - line - 1, speed - 1, train -0
2017-12-02 22:09:11,654 - line - 1, speed - 1, train -0
2017-12-02 22:09:11,687 - line - 1, speed - 1, train -0
2017-12-02 22:09:11,720 - line - 1, speed - 1, train -0
2017-12-02 22:09:11,753 - line - 1, speed - 1, train -0
2017-12-02 22:09:11,786 - line - 1, speed - 1, train -0
2017-12-02 22:09:11,819 - line - 1, speed - 1, train -0
2017-12-02 22:09:11,852 - line - 1, speed - 1, train -0
2017-12-02 22:09:11,885 - line - 1, speed - 1, train -0
2017-12-02 22:09:11,918 - line - 1, speed - 1, train -0
2017-12-02 22:09:11,951 - line - 1, speed - 1, train -0
2017-12-02 22:09:11,984 - line - 1, speed - 1, train -0
2017-12-02 22:09:12,017 - line - 1, speed - 1, train -0
2017-12-02 22:09:12,050 - line - 1, speed - 1, train -0
2017-12-02 22:09:12,083 - line - 1, speed - 1, train -0
2017-12-02 22:09:12,116 - line - 1, speed - 1, train -0
2017-12-02 22:09:12,149 - line - 1, speed - 1, train -0
2017-12-02 22:09:12,182 - line - 1, speed - 1, train -0
2017-12-02 22:09:12,215 - line - 1, speed - 1, train -0
2017-12-02 22:09:12,248 - line - 1, speed - 1, train -0
2017-12-02 22:09:12,281 - line - 1, speed - 1, train -0
2017-12-02 22:09:12,314 - line - 1, speed - 1, train -0
2017-12-02 22:09:12,347 - line - 1, speed - 1, train -0
2017-12-02 22:09:12,380 - line - 1, speed - 1, train -0
2017-12-02 22:09:12,413 - line - 1, speed - 1, train -0
2017-12-02 22:09:12,446 - line - 1, speed - 1, train -0
2017-12-02 22:09:12,479 - line - 1, speed - 1, train -0
2017-12-02 22:09:12,512 - line - 1, speed - 1, train -0
2017-12-02 22:09:12,545 - line - 1, speed - 1, train -0
2017-12-02 22:09:12,578 - line - 1, speed - 1, train -0
2017-12-02 22:09:12,611 - line - 1, speed - 1, train -0
2017-12-02 22:09:12,644 - line - 1, speed - 1, train -0
2017-12-02 22:09:12,677 - line - 1, speed - 1, train -0
2017-12-02 22:09:12,710 - line - 1, speed - 1, train -0
2017-12-02 22:09:12,743 - line - 1, speed - 1, train -0
2017-12-02 22:09:12,776 - line - 1, speed - 1, train -0
2017-12-02 22:09:12,809 - line - 1, speed - 1, train -0
2017-12-02 22:09:12,842 - line - 1, speed - 1, train -0
2017-12-02 22:09:12,875 - line - 1, speed - 1, train -0
2017-12-02 22:09:12,908 - line - 1, speed - 1, train -0
2017-12-02 22:09:12,941 - line - 1, speed - 1, train -0
2017-12-02 22:09:12,974 - line - 1, speed - 1, train -0
2017-12-02 22:09:13,007 - line - 1, speed - 1, train -0
2017-12-02 22:09:13,040 - line - 1, speed - 1, train -0
2017-12-02 22:09:13,073 - line - 1, speed - 1, train -0
2017-12-02 22:09:13,106 - line - 1, speed - 1, train -0
2017-12-02 22:09:13,139 - line - 1, speed - 1, train -0
2017-12-02 22:09:13,172 - line - 1, speed - 1, train -0
2017-12-02 22:09:13,205 - line - 1, speed - 1, train -0
2017-12-02 22:09:13,238 - line - 1, speed - 1, train -0
2017-12-02 22:09:13,271 - line - 1, speed - 1, train -0
2017-12-02 22:09:13,304 - line - 1, speed - 1, train -0
2017-12-02 22:09:13,337 - line - 1, speed - 1, train -0
2017-12-02 22:09:13,370 - line - 1, speed - 1, train -0
2017-12-02 22:09:13,403 - line - 1, speed - 1, train -0
2017-12-02 22:09:13,436 - line - 1, speed - 1, train -0
2017-12-02 22:09:13,469 - line - 1, speed - 1, train -0
2017-12-02 22:09:13,502 - line - 1, speed - 1, train -0
2017-12-02 22:09:13,535 - line - 1, speed - 1, train -0
2017-12-02 22:09:13,568 - line - 1, speed - 1, train -0
2017-12-02 22:09:13,601 - line - 1, speed - 1, train -0
2017-12-02 22:09:13,634 - line - 1, speed - 1, train -0
2017-12-02 22:09:13,667 - line - 1, speed - 1, train -0
2017-12-02 22:09:13,700 - line - 1, speed - 1, train -0
2017-12-02 22:09:13,733 - line - 1, speed - 1, train -0
2017-12-02 22:09:13,766 - line - 1, speed - 1, train -0
2017-12-02 22:09:13,799 - line - 1, speed - 1, train -0
2017-12-02 22:09:13,832 - line - 1, speed - 1, train -0
2017-12-02 22:09:13,865 - line - 1, speed - 1, train -0
2017-12-02 22:09:15,317 - line - 1, speed - 1, train -0
2017-12-02 22:09:15,350 - line - 1, speed - 1, train -0
2017-12-02 22:09:15,383 - line - 1, speed - 1, train -0
2017-12-02 22:09:15,416 - line - 1, speed - 1, train -0
2017-12-02 22:09:15,449 - line - 1, speed - 1, train -0
2017-12-02 22:09:15,482 - line - 1, speed - 1, train -0
2017-12-02 22:09:15,515 - line - 1, speed - 1, train -0
2017-12-02 22:09:15,548 - line - 1, speed - 1, train -0
2017-12-02 22:09:15,581 - line - 1, speed - 1, train -0
2017-12-02 22:09:15,614 - line - 1, speed - 1, train -0
2017-12-02 22:09:15,647 - line - 1, speed - 1, train -0
2017-12-02 22:09:15,680 - line - 1, speed - 1, train -0
2017-12-02 22:09:15,713 - line - 1, speed - 1, train -0
2017-12-02 22:09:15,746 - line - 1, speed - 1, train -0
2017-12-02 22:09:15,779 - line - 1, speed - 1, train -0
2017-12-02 22:09:15,812 - line - 1, speed - 1, train -0
2017-12-02 22:09:15,845 - line - 1, speed - 1, train -0
2017-12-02 22:09:15,878 - line - 1, speed - 1, train -0
2017-12-02 22:09:15,911 - line - 1, speed - 1, train -0
2017-12-02 22:09:15,944 - line - 1, speed - 1, train -0
2017-12-02 22:09:15,977 - line - 1, speed - 1, train -0
2017-12-02 22:09:16,010 - line - 1, speed - 1, train -0
2017-12-02 22:09:16,043 - line - 1, speed - 1, train -0
2017-12-02 22:09:16,076 - line - 1, speed - 1, train -0
2017-12-02 22:09:16,109 - line - 1, speed - 1, train -0
2017-12-02 22:09:16,142 - line - 1, speed - 1, train -0
2017-12-02 22:09:16,175 - line - 1, speed - 1, train -0
2017-12-02 22:09:16,208 - line - 1, speed - 1, train -0
2017-12-02 22:09:16,241 - line - 1, speed - 1, train -0
2017-12-02 22:09:16,274 - line - 1, speed - 1, train -0
2017-12-02 22:09:16,307 - line - 1, speed - 1, train -0
2017-12-02 22:09:16,340 - line - 1, speed - 1, train -0
2017-12-02 22:09:16,373 - line - 1, speed - 1, train -0
2017-12-02 22:09:16,406 - line - 1, speed - 1, train -0
2017-12-02 22:09:16,439 - line - 1, speed - 1, train -0
2017-12-02 22:09:16,472 - line - 1, speed - 1, train -0
2017-12-02 22:09:16,505 - line - 1, speed - 1, train -0
2017-12-02 22:09:16,538 - line - 1, speed - 1, train -0
2017-12-02 22:09:16,571 - line - 1, speed - 1, train -0
2017-12-02 22:09:16,604 - line - 1, speed - 1, train -0
2017-12-02 22:09:16,637 - line - 1, speed - 1, train -0
2017-12-02 22:09:16,670 - line - 1, speed - 1, train -0
2017-12-02 22:09:16,703 - line - 1, speed - 1, train -0
2017-12-02 22:09:16,736 - line - 1, speed - 1, train -0
2017-12-02 22:09:16,769 - line - 1, speed - 1, train -0
2017-12-02 22:09:16,802 - line - 1, speed - 1, train -0
2017-12-02 22:09:16,835 - line - 1, speed - 1, train -0
2017-12-02 22:09:16,868 - line - 1, speed - 1, train -0
2017-12-02 22:09:16,901 - line - 1, speed - 1, train -0
2017-12-02 22:09:16,934 - line - 1, speed - 1, train -0
2017-12-02 22:09:16,967 - line - 1, speed - 1, train -0
2017-12-02 22:09:17,000 - line - 1, speed - 1, train -0
2017-12-02 22:09:17,033 - line - 1, speed - 1, train -0
2017-12-02 22:09:17,066 - line - 1, speed - 1, train -0
2017-12-02 22:09:17,099 - line - 1, speed - 1, train -0
2017-12-02 22:09:17,132 - line - 1, speed - 1, train -0
2017-12-02 22:09:17,165 - line - 1, speed - 1, train -0
2017-12-02 22:09:17,198 - line - 1, speed - 1, train -0
2017-12-02 22:09:17,231 - line - 1, speed - 1, train -0
2017-12-02 22:09:17,264 - line - 1, speed - 1, train -0
2017-12-02 22:09:17,297 - line - 1, speed - 1, train -0
2017-12-02 22:09:17,330 - line - 1, speed - 1, train -0
2017-12-02 22:09:17,363 - line - 1, speed - 1, train -0
2017-12-02 22:09:17,396 - line - 1, speed - 1, train -0
2017-12-02 22:09:17,429 - line - 1, speed - 1, train -0
2017-12-02 22:09:17,462 - line - 1, speed - 1, train -0
2017-12-02 22:09:17,495 - line - 1, speed - 1, train -0
2017-12-02 22:09:17,528 - line - 1, speed - 1, train -0
2017-12-02 22:09:17,561 - line - 1, speed - 1, train -0
2017-12-02 22:09:17,594 - line - 1, speed - 1, train -0
2017-12-02 22:09:17,627 - line - 1, speed - 1, train -0
2017-12-02 22:09:17,660 - line - 1, speed - 1, train -0
2017-12-02 22:09:17,693 - line - 1, speed - 1, train -0
2017-12-02 22:09:17,726 - line - 1, speed - 1, train -0
2017-12-02 22:09:17,759 - line - 1, speed - 1, train -0
2017-12-02 22:09:17,792 - line - 1, speed - 1, train -0
2017-12-02 22:09:17,825 - line - 1, speed - 1, train -0
2017-12-02 22:09:17,858 - line - 1, speed - 1, train -0
2017-12-02 22:09:17,891 - line - 1, speed - 1, train -0
2017-12-02 22:09:17,924 - line - 1, speed - 1, train -0
2017-12-02 22:09:17,957 - line - 1, speed - 1, train -0
2017-12-02 22:09:17,990 - line - 1, speed - 1, train -0
2017-12-02 22:09:18,023 - line - 1, speed - 1, train -0
2017-12-02 22:09:18,056 - line - 1, speed - 1, train -0
2017-12-02 22:09:18,089 - line - 1, speed - 1, train -0
2017-12-02 22:09:18,122 - line - 1, speed - 1, train -0
2017-12-02 22:09:18,155 - line - 1, speed - 1, train -0
2017-12-02 22:09:18,188 - line - 1, speed - 1, train -0
2017-12-02 22:09:18,221 - line - 1, speed - 1, train -0
2017-12-02 22:09:18,254 - line - 1, speed - 1, train -0
2017-12-02 22:09:18,287 - line - 1, speed - 1, train -0
2017-12-02 22:09:18,320 - line - 1, speed - 1, train -0
2017-12-02 22:09:18,353 - line - 1, speed - 1, train -0
2017-12-02 22:09:18,386 - line - 1, speed - 1, train -0
2017-12-02 22:09:18,419 - line - 1, speed - 1, train -0
2017-12-02 22:09:18,452 - line - 1, speed - 1, train -0
2017-12-02 22:09:18,485 - line - 1, speed - 1, train -0
2017-12-02 22:09:18,518 - line - 1, speed - 1, train -0
2017-12-02 22:09:18,551 - line - 1, speed - 1, train -0
2017-12-02 22:09:18,584 - line - 1, speed - 1, train -0
2017-12-02 22:09:18,617 - line - 1, speed - 1, train -0
2017-12-02 22:09:18,650 - line - 1, speed - 1, train -0
2017-12-02 22:09:18,683 - line - 1, speed - 1, train -0
2017-12-02 22:09:18,716 - line - 1, speed - 1, train -0
2017-12-02 22:09:18,749 - line - 1, speed - 1, train -0
2017-12-02 22:09:18,782 - line - 1, speed - 1, train -0
2017-12-02 22:09:18,815 - line - 1, speed - 1, train -0
2017-12-02 22:09:18,848 - line - 1, speed - 1, train -0
2017-12-02 22:09:18,881 - line - 1, speed - 1, train -0
2017-12-02 22:09:18,914 - line - 1, speed - 1, train -0
2017-12-02 22:09:18,947 - line - 1, speed - 1, train -0
2017-12-02 22:09:18,980 - line - 1, speed - 1, train -0
2017-12-02 22:09:19,013 - line - 1, speed - 1, train -0
2017-12-02 22:09:19,046 - line - 1, speed - 1, train -0
2017-12-02 22:09:19,079 - line - 1, speed - 1, train -0
2017-12-02 22:09:19,112 - line - 1, speed - 1, train -0
2017-12-02 22:09:19,145 - line - 1, speed - 1, train -0
2017-12-02 22:09:19,178 - line - 1, speed - 1, train -0
2017-12-02 22:09:19,211 - line - 1, speed - 1, train -0
2017-12-02 22:09:19,244 - line - 1, speed - 1, train -0
2017-12-02 22:09:19,277 - line - 1, speed - 1, train -0
2017-12-02 22:09:19,310 - line - 1, speed - 1, train -0
2017-12-02 22:09:19,343 - line - 1, speed - 1, train -0
2017-12-02 22:09:19,376 - line - 1, speed - 1, train -0
2017-12-02 22:09:19,409 - line - 1, speed - 1, train -0
2017-12-02 22:09:19,443 - line - 1, speed - 1, train -0
2017-12-02 22:09:19,476 - line - 1, speed - 1, train -0
2017-12-02 22:09:19,509 - line - 1, speed - 1, train -0
2017-12-02 22:09:19,542 - line - 1, speed - 1, train -0
2017-12-02 22:09:19,575 - line - 1, speed - 1, train -0
2017-12-02 22:09:19,608 - line - 1, speed - 1, train -0
2017-12-02 22:09:19,641 - line - 1, speed - 1, train -0
2017-12-02 22:09:19,674 - line - 1, speed - 1, train -0
2017-12-02 22:09:19,707 - line - 1, speed - 1, train -0
2017-12-02 22:09:19,740 - line - 1, speed - 1, train -0
2017-12-02 22:09:19,773 - line - 1, speed - 1, train -0
2017-12-02 22:09:19,806 - line - 1, speed - 1, train -0
2017-12-02 22:09:19,839 - line - 1, speed - 1, train -0
2017-12-02 22:09:19,872 - line - 1, speed - 1, train -0
2017-12-02 22:09:19,905 - line - 1, speed - 1, train -0
2017-12-02 22:09:19,938 - line - 1, speed - 1, train -0
2017-12-02 22:09:19,971 - line - 1, speed - 1, train -0
2017-12-02 22:09:20,004 - line - 1, speed - 1, train -0
2017-12-02 22:09:20,335 - line - 1, speed - -1, train -0
2017-12-02 22:09:20,665 - line - 1, speed - 1, train -0
2017-12-02 22:09:20,995 - line - 1, speed - -1, train -0
2017-12-02 22:09:21,325 - line - 1, speed - 1, train -0
2017-12-02 22:14:36,661 - Login
2017-12-02 22:15:18,752 - Login
2017-12-02 22:15:21,641 - line - 1, speed - 1, train -0
2017-12-02 22:15:21,972 - line - 1, speed - -1, train -0
2017-12-02 22:15:22,460 - line - 1, speed - 1, train -0
2017-12-02 22:15:22,790 - line - 1, speed - -1, train -0
2017-12-02 22:15:26,987 - line - 1, speed - 1, train -0
2017-12-02 22:15:27,317 - line - 1, speed - -1, train -0
2017-12-02 22:15:27,647 - line - 1, speed - 1, train -0
2017-12-02 22:15:27,977 - line - 1, speed - -1, train -0
2017-12-02 22:15:30,056 - line - 1, speed - 1, train -0
2017-12-02 22:16:54,975 - Login
2017-12-02 22:16:58,653 - line - 1, speed - 1, train -0
2017-12-02 22:17:02,646 - line - 1, speed - -1, train -0
2017-12-02 22:17:03,867 - line - 1, speed - 1, train -0
2017-12-02 22:17:04,857 - line - 1, speed - -1, train -0
2017-12-02 22:17:06,111 - line - 1, speed - 1, train -0
2017-12-02 22:17:09,947 - line - 1, speed - -1, train -0
2017-12-02 22:17:10,454 - line - 1, speed - 1, train -0
2017-12-02 22:17:11,072 - line - 1, speed - -1, train -0
2017-12-02 22:17:11,941 - line - 1, speed - 1, train -0
2017-12-02 22:17:12,941 - line - 1, speed - -1, train -0
2017-12-02 22:17:14,209 - line - 1, speed - 1, train -0
2017-12-02 22:17:16,660 - line - 1, speed - -1, train -0
2017-12-02 22:17:19,160 - line - 1, speed - 1, train -0
2017-12-02 22:17:20,753 - line - 1, speed - -1, train -0
2017-12-02 22:17:21,463 - line - 1, speed - 1, train -0
2017-12-02 22:17:22,007 - line - 1, speed - -1, train -0
2017-12-02 22:17:22,584 - line - 1, speed - 1, train -0
2017-12-02 22:17:23,332 - line - 1, speed - -1, train -0
2017-12-02 22:17:24,741 - line - 1, speed - 1, train -0
2017-12-02 22:17:28,071 - line - 1, speed - -1, train -0
2017-12-02 22:17:31,401 - line - 1, speed - 1, train -0
2017-12-02 22:17:34,732 - line - 1, speed - -1, train -0
2017-12-02 22:17:37,396 - line - 1, speed - 1, train -0
2017-12-02 22:17:40,062 - line - 1, speed - -1, train -0
2017-12-02 22:17:43,057 - line - 1, speed - 1, train -0
2017-12-02 22:17:46,387 - line - 1, speed - -1, train -0
2017-12-02 22:17:49,384 - line - 1, speed - 1, train -0
2017-12-02 22:17:52,049 - line - 1, speed - -1, train -0
2017-12-02 22:17:55,046 - line - 1, speed - 1, train -0
2017-12-02 22:17:58,376 - line - 1, speed - -1, train -0
2017-12-02 22:18:01,706 - line - 1, speed - 1, train -0
2017-12-02 22:18:04,373 - line - 1, speed - -1, train -0
2017-12-02 22:18:07,034 - line - 1, speed - 1, train -0
2017-12-02 22:18:09,699 - line - 1, speed - -1, train -0
2017-12-02 22:18:12,030 - line - 1, speed - 1, train -0
2017-12-02 23:00:21,113 - Login
2017-12-02 23:00:21,113 - line - 1, speed - 1, train -0
2017-12-02 23:00:31,777 - Login
2017-12-02 23:00:35,596 - line - 1, speed - 1, train -0
2017-12-02 23:00:35,927 - line - 1, speed - -1, train -0
2017-12-02 23:00:36,257 - line - 1, speed - 1, train -0
2017-12-02 23:00:37,346 - line - 1, speed - -1, train -0
2017-12-02 23:00:37,681 - line - 1, speed - 1, train -0
2017-12-02 23:00:38,045 - line - 1, speed - -1, train -0
2017-12-02 23:00:38,452 - line - 1, speed - 1, train -0
2017-12-02 23:00:38,914 - line - 1, speed - -1, train -0
2017-12-02 23:00:39,459 - line - 1, speed - 1, train -0
2017-12-02 23:00:40,142 - line - 1, speed - -1, train -0
2017-12-02 23:00:41,111 - line - 1, speed - 1, train -0
2017-12-02 23:00:42,221 - line - 1, speed - -1, train -0
2017-12-02 23:00:43,331 - line - 1, speed - 1, train -0
2017-12-02 23:00:44,441 - line - 1, speed - -1, train -0
2017-12-02 23:00:45,551 - line - 1, speed - 1, train -0
2017-12-02 23:00:46,552 - line - 1, speed - -1, train -0
2017-12-02 23:00:47,660 - line - 1, speed - 1, train -0
2017-12-02 23:00:48,687 - line - 1, speed - -1, train -0
2017-12-02 23:00:50,984 - line - 1, speed - 1, train -0
2017-12-02 23:00:52,094 - line - 1, speed - -1, train -0
2017-12-02 23:00:53,204 - line - 1, speed - 1, train -0
2017-12-02 23:00:54,315 - line - 1, speed - -1, train -0
2017-12-02 23:00:55,425 - line - 1, speed - 1, train -0
2017-12-02 23:00:56,535 - line - 1, speed - -1, train -0
2017-12-02 23:00:57,645 - line - 1, speed - 1, train -0
2017-12-02 23:00:58,755 - line - 1, speed - -1, train -0
2017-12-02 23:00:59,865 - line - 1, speed - 1, train -0
2017-12-02 23:01:00,975 - line - 1, speed - -1, train -0
2017-12-02 23:01:02,085 - line - 1, speed - 1, train -0
2017-12-02 23:01:03,195 - line - 1, speed - -1, train -0
2017-12-02 23:01:04,305 - line - 1, speed - 1, train -0
2017-12-02 23:01:05,415 - line - 1, speed - -1, train -0
2017-12-02 23:01:06,525 - line - 1, speed - 1, train -0
2017-12-02 23:01:07,524 - line - 1, speed - -1, train -0
2017-12-02 23:01:08,523 - line - 1, speed - 1, train -0
2017-12-02 23:01:09,633 - line - 1, speed - -1, train -0
2017-12-02 23:01:10,412 - line - 1, speed - 1, train -0
2017-12-02 23:01:11,079 - line - 1, speed - -1, train -0
2017-12-02 23:01:12,076 - line - 1, speed - 1, train -0
2017-12-02 23:01:13,186 - line - 1, speed - -1, train -0
2017-12-02 23:01:16,849 - line - 1, speed - 1, train -0
2017-12-03 11:33:20,755 - Login
2017-12-03 11:33:28,359 - line - 1, speed - 1, train -0
2017-12-03 11:33:47,867 - line - 1, speed - -1, train -0
2017-12-03 11:33:51,699 - line - 1, speed - 1, train -0
2017-12-03 11:33:55,029 - line - 1, speed - -1, train -0
2017-12-03 11:33:58,359 - line - 1, speed - 1, train -0
2017-12-03 11:34:01,689 - line - 1, speed - -1, train -0
2017-12-03 11:34:05,019 - line - 1, speed - 1, train -0
2017-12-03 11:34:08,350 - line - 1, speed - -1, train -0
2017-12-03 11:34:11,680 - line - 1, speed - 1, train -0
2017-12-03 11:34:15,010 - line - 1, speed - -1, train -0
2017-12-03 11:34:18,340 - line - 1, speed - 1, train -0
2017-12-03 11:37:01,080 - Login
2017-12-03 11:37:06,121 - line - 1, speed - 1, train -0
2017-12-03 11:37:44,941 - line - 1, speed - -1, train -0
2017-12-03 11:39:43,437 - Login
2017-12-03 11:39:44,470 - line - 1, speed - 1, train -0
2017-12-03 11:39:44,800 - line - 1, speed - -1, train -0
2017-12-03 11:39:45,130 - line - 1, speed - 1, train -0
2017-12-03 11:39:45,460 - line - 1, speed - -1, train -0
2017-12-03 11:39:45,794 - line - 1, speed - 1, train -0
2017-12-03 11:39:46,151 - line - 1, speed - -1, train -0
2017-12-03 11:39:46,548 - line - 1, speed - 1, train -0
2017-12-03 11:39:46,998 - line - 1, speed - -1, train -0
2017-12-03 11:39:47,527 - line - 1, speed - 1, train -0
2017-12-03 11:39:48,201 - line - 1, speed - -1, train -0
2017-12-03 11:39:48,887 - line - 1, speed - 1, train -0
2017-12-03 11:49:45,008 - Login
2017-12-03 11:49:55,716 - line - 1, speed - 1, train -0
2017-12-03 11:50:12,073 - Login
2017-12-03 11:50:14,278 - line - 1, speed - 1, train -0
2017-12-03 11:51:25,969 - Login
2017-12-03 11:51:29,299 - line - 1, speed - 1, train -0
2017-12-03 11:51:38,442 - line - 1, speed - -1, train -0
2017-12-03 11:51:42,006 - line - 1, speed - 1, train -0
2017-12-03 11:51:44,283 - line - 1, speed - -1, train -0
2017-12-03 11:51:45,306 - line - 1, speed - 1, train -0
2017-12-03 11:51:46,362 - line - 1, speed - -1, train -0
2017-12-03 11:51:47,385 - line - 1, speed - 1, train -0
2017-12-03 11:51:48,573 - line - 1, speed - -1, train -0
2017-12-03 12:16:02,900 - Login
2017-12-03 12:16:05,323 - line - 1, speed - 1, train -0
2017-12-03 12:18:00,490 - Login
2017-12-03 12:18:01,473 - line - 1, speed - 1, train -0
2017-12-03 12:18:27,050 - line - 1, speed - -1, train -0
2017-12-03 12:18:37,345 - line - 1, speed - 1, train -0
2017-12-03 12:18:40,249 - line - 1, speed - -1, train -0
2017-12-03 12:18:45,729 - line - 1, speed - 1, train -0
2017-12-03 12:18:48,204 - line - 1, speed - -1, train -0
2017-12-03 12:32:07,067 - Login
2017-12-03 12:32:09,101 - line - 1, speed - 1, train -0
2017-12-03 12:32:23,030 - Login
2017-12-03 12:32:24,161 - line - 1, speed - 1, train -0
2017-12-03 12:32:51,018 - Login
2017-12-03 12:32:52,485 - line - 1, speed - 1, train -0
2017-12-03 12:33:36,633 - Login
2017-12-03 12:33:39,234 - line - 1, speed - 1, train -0
2017-12-03 12:33:47,088 - line - 1, speed - -1, train -0
2017-12-03 12:33:51,543 - line - 1, speed - 1, train -0
2017-12-03 12:33:55,866 - line - 1, speed - -1, train -0
2017-12-03 12:33:58,737 - line - 1, speed - 1, train -0
2017-12-03 12:34:00,519 - line - 1, speed - -1, train -0
2017-12-03 12:34:02,367 - line - 1, speed - 1, train -0
2017-12-03 12:34:04,347 - line - 1, speed - -1, train -0
2017-12-03 12:34:06,129 - line - 1, speed - 1, train -0
2017-12-03 12:34:07,977 - line - 1, speed - -1, train -0
2017-12-03 12:34:09,859 - line - 1, speed - 1, train -0
2017-12-03 12:34:11,641 - line - 1, speed - -1, train -0
2017-12-03 12:34:13,390 - line - 1, speed - 1, train -0
2017-12-03 12:34:15,370 - line - 1, speed - -1, train -0
2017-12-03 12:34:21,244 - line - 1, speed - 1, train -0
2017-12-03 12:34:22,927 - line - 1, speed - -1, train -0
2017-12-03 12:34:24,676 - line - 1, speed - 1, train -0
2017-12-03 13:01:00,056 - Login
2017-12-03 13:01:15,365 - Login
2017-12-03 13:01:59,574 - Login
2017-12-03 13:02:37,223 - Login
2017-12-03 13:02:41,744 - line - 1, speed - 1, train -0
2017-12-03 13:02:44,352 - line - 1, speed - -1, train -0
2017-12-03 13:02:46,167 - line - 1, speed - 1, train -0
2017-12-03 13:02:47,982 - line - 1, speed - -1, train -0
2017-12-03 13:02:49,797 - line - 1, speed - 1, train -0
2017-12-03 13:03:10,098 - Login
2017-12-03 13:03:14,349 - line - 1, speed - 1, train -0
2017-12-03 13:03:16,428 - line - 1, speed - -1, train -0
2017-12-03 13:03:18,178 - line - 1, speed - 1, train -0
2017-12-03 13:03:19,795 - line - 1, speed - -1, train -0
2017-12-03 13:03:20,818 - line - 1, speed - 1, train -0
2017-12-03 13:03:21,808 - line - 1, speed - -1, train -0
2017-12-03 13:03:23,293 - line - 1, speed - 1, train -0
2017-12-03 13:04:03,987 - Login
2017-12-03 13:04:29,923 - Login
2017-12-03 13:04:49,594 - Login
2017-12-03 13:07:54,103 - Login
2017-12-03 13:07:57,197 - line - 1, speed - 1, train -0
2017-12-03 13:08:11,718 - Login
2017-12-03 13:11:01,522 - Login
2017-12-03 13:11:46,611 - Login
2017-12-03 13:11:56,707 - Login
2017-12-03 13:11:58,856 - line - 1, speed - 1, train -0
2017-12-03 13:12:57,807 - Login
2017-12-03 13:13:14,893 - Login
2017-12-03 14:29:28,881 - Login
2017-12-03 14:29:57,325 - Login
2017-12-03 14:35:35,238 - Login
2017-12-03 14:35:56,893 - Login
2017-12-03 14:36:11,493 - Login
2017-12-03 14:36:33,329 - Login
2017-12-03 14:37:33,541 - Login
2017-12-03 14:37:50,205 - Login
2017-12-03 14:38:25,317 - Login
2017-12-03 14:38:41,807 - Login
2017-12-03 14:38:55,387 - Login
2017-12-03 14:39:36,840 - Login
2017-12-03 14:45:12,720 - Login
2017-12-03 14:45:23,686 - Login
2017-12-03 14:46:29,295 - Login
2017-12-03 14:47:00,781 - Login
2017-12-03 14:47:30,024 - Login
2017-12-03 14:47:42,893 - Login
2017-12-03 14:49:08,239 - Login
2017-12-03 14:49:27,240 - Login
2017-12-03 14:49:39,855 - Login
2017-12-03 14:50:25,636 - Login
2017-12-03 14:53:07,725 - Login
2017-12-03 14:53:44,901 - Login
2017-12-03 14:53:54,416 - Login
2017-12-03 14:56:00,929 - Login
2017-12-03 14:56:22,971 - Login
2017-12-03 14:56:40,056 - Login
2017-12-03 14:56:50,853 - Login
2017-12-03 14:57:05,774 - Login
2017-12-03 14:57:18,111 - Login
2017-12-03 14:58:38,994 - Login
2017-12-03 14:58:52,541 - Login
2017-12-03 15:01:34,063 - Login
2017-12-03 15:01:46,814 - Login
2017-12-03 15:02:02,015 - Login
2017-12-03 15:02:19,138 - Login
2017-12-03 15:03:18,915 - Login
2017-12-03 15:03:50,570 - Login
2017-12-03 15:04:52,216 - Login
2017-12-03 15:05:09,326 - Login
2017-12-03 15:05:29,416 - Login
2017-12-03 15:05:42,464 - Login
2017-12-03 15:06:02,917 - Login
2017-12-03 15:06:25,917 - Login
2017-12-03 15:06:49,027 - Login
2017-12-03 15:07:44,591 - Login
2017-12-03 15:08:05,217 - Login
2017-12-03 15:08:11,445 - line - 1, speed - 1, train -0
2017-12-03 15:08:13,689 - line - 1, speed - -1, train -0
2017-12-03 15:08:16,197 - line - 1, speed - 1, train -0
2017-12-03 15:08:18,640 - line - 1, speed - -1, train -0
2017-12-03 15:08:20,984 - line - 1, speed - 1, train -0
2017-12-03 15:21:31,935 - Login
2017-12-03 15:21:52,481 - Login
2017-12-03 15:22:07,042 - Login
2017-12-03 15:22:21,341 - line - 1, speed - 1, train -0
2017-12-03 15:22:24,772 - line - 1, speed - -1, train -0
2017-12-03 15:22:26,356 - line - 1, speed - 1, train -0
2017-12-03 15:22:28,402 - line - 1, speed - -1, train -0
2017-12-03 15:22:40,849 - Login
2017-12-03 15:22:42,307 - line - 1, speed - 1, train -0
2017-12-03 15:22:44,650 - line - 1, speed - -1, train -0
2017-12-03 15:22:46,333 - line - 1, speed - 1, train -0
2017-12-03 15:22:48,049 - line - 1, speed - -1, train -0
2017-12-03 15:22:50,722 - line - 1, speed - 1, train -0
2017-12-03 15:22:53,297 - line - 1, speed - -1, train -0
2017-12-03 15:22:55,211 - line - 1, speed - 1, train -0
2017-12-03 15:22:55,541 - line - 1, speed - -1, train -0
2017-12-03 15:22:55,871 - line - 1, speed - 1, train -0
2017-12-03 15:22:56,201 - line - 1, speed - -1, train -0
2017-12-03 15:22:56,531 - line - 1, speed - 1, train -0
2017-12-03 15:22:56,861 - line - 1, speed - -1, train -0
2017-12-03 15:22:57,191 - line - 1, speed - 1, train -0
2017-12-03 15:22:57,521 - line - 1, speed - -1, train -0
2017-12-03 15:23:12,363 - Login
2017-12-03 15:23:27,207 - Login
2017-12-03 15:24:11,773 - Login
2017-12-03 15:25:57,439 - Login
2017-12-03 15:26:06,109 - Login
2017-12-03 15:26:59,331 - Login
2017-12-03 15:28:17,022 - Login
2017-12-03 15:28:20,476 - line - 1, speed - 1, train -0
2017-12-03 15:28:20,806 - line - 1, speed - -1, train -0
2017-12-03 15:28:21,136 - line - 1, speed - 1, train -0
2017-12-03 15:28:21,466 - line - 1, speed - -1, train -0
2017-12-03 15:28:21,796 - line - 1, speed - 1, train -0
2017-12-03 15:28:22,126 - line - 1, speed - -1, train -0
2017-12-03 15:28:22,457 - line - 1, speed - 1, train -0
2017-12-03 15:28:22,787 - line - 1, speed - -1, train -0
2017-12-03 15:28:23,117 - line - 1, speed - 1, train -0
2017-12-03 15:28:23,447 - line - 1, speed - -1, train -0
2017-12-03 15:28:23,777 - line - 1, speed - 1, train -0
2017-12-03 15:28:24,107 - line - 1, speed - -1, train -0
2017-12-03 15:28:24,437 - line - 1, speed - 1, train -0
2017-12-03 15:28:24,768 - line - 1, speed - -1, train -0
2017-12-03 15:28:25,098 - line - 1, speed - 1, train -0
2017-12-03 15:28:35,137 - Login
2017-12-03 15:28:36,283 - line - 1, speed - 1, train -0
2017-12-03 15:28:36,613 - line - 1, speed - -1, train -0
2017-12-03 15:28:36,943 - line - 1, speed - 1, train -0
2017-12-03 15:28:37,273 - line - 1, speed - -1, train -0
2017-12-03 15:28:37,603 - line - 1, speed - 1, train -0
2017-12-03 15:28:37,933 - line - 1, speed - -1, train -0
2017-12-03 15:28:38,263 - line - 1, speed - 1, train -0
2017-12-03 15:28:38,593 - line - 1, speed - -1, train -0
2017-12-03 15:28:38,923 - line - 1, speed - 1, train -0
2017-12-03 15:28:39,253 - line - 1, speed - -1, train -0
2017-12-03 15:28:39,583 - line - 1, speed - 1, train -0
2017-12-03 15:28:39,913 - line - 1, speed - -1, train -0
2017-12-03 15:28:40,969 - line - 1, speed - 1, train -0
2017-12-03 15:28:41,299 - line - 1, speed - -1, train -0
2017-12-03 15:28:42,190 - line - 1, speed - 1, train -0
2017-12-03 15:28:42,521 - line - 1, speed - -1, train -0
2017-12-03 15:28:43,346 - line - 1, speed - 1, train -0
2017-12-03 15:28:43,676 - line - 1, speed - -1, train -0
2017-12-03 15:28:44,699 - line - 1, speed - 1, train -0
2017-12-03 15:28:45,029 - line - 1, speed - -1, train -0
2017-12-03 15:28:45,921 - line - 1, speed - 1, train -0
2017-12-03 15:28:46,251 - line - 1, speed - -1, train -0
2017-12-03 15:28:47,109 - line - 1, speed - 1, train -0
2017-12-03 15:28:47,901 - line - 1, speed - -1, train -0
2017-12-03 15:28:48,231 - line - 1, speed - 1, train -0
2017-12-03 15:28:49,023 - line - 1, speed - -1, train -0
2017-12-03 15:28:49,353 - line - 1, speed - 1, train -0
2017-12-03 15:28:50,244 - line - 1, speed - -1, train -0
2017-12-03 15:28:50,574 - line - 1, speed - 1, train -0
2017-12-03 15:34:23,021 - Login
2017-12-03 15:34:27,185 - line - 1, speed - 1, train -0
2017-12-03 15:34:27,515 - line - 1, speed - -1, train -0
2017-12-03 15:34:27,845 - line - 1, speed - 1, train -0
2017-12-03 15:34:28,175 - line - 1, speed - -1, train -0
2017-12-03 15:34:28,505 - line - 1, speed - 1, train -0
2017-12-03 15:34:28,835 - line - 1, speed - -1, train -0
2017-12-03 15:34:29,165 - line - 1, speed - 1, train -0
2017-12-03 15:34:29,495 - line - 1, speed - -1, train -0
2017-12-03 15:34:29,825 - line - 1, speed - 1, train -0
2017-12-03 15:34:30,155 - line - 1, speed - -1, train -0
2017-12-03 15:34:30,485 - line - 1, speed - 1, train -0
2017-12-03 15:34:30,815 - line - 1, speed - -1, train -0
2017-12-03 15:34:31,145 - line - 1, speed - 1, train -0
2017-12-03 15:34:32,004 - line - 1, speed - -1, train -0
2017-12-03 15:34:32,730 - line - 1, speed - 1, train -0
2017-12-03 15:34:33,060 - line - 1, speed - -1, train -0
2017-12-03 15:34:33,390 - line - 1, speed - 1, train -0
2017-12-03 15:34:34,380 - line - 1, speed - -1, train -0
2017-12-03 15:34:34,710 - line - 1, speed - 1, train -0
2017-12-03 15:34:35,040 - line - 1, speed - -1, train -0
2017-12-03 15:34:35,370 - line - 1, speed - 1, train -0
2017-12-03 15:34:35,700 - line - 1, speed - -1, train -0
2017-12-03 15:34:36,030 - line - 1, speed - 1, train -0
2017-12-03 15:34:36,360 - line - 1, speed - -1, train -0
2017-12-03 15:34:36,691 - line - 1, speed - 1, train -0
2017-12-03 15:34:37,022 - line - 1, speed - -1, train -0
2017-12-03 15:34:37,352 - line - 1, speed - 1, train -0
2017-12-03 15:34:37,682 - line - 1, speed - -1, train -0
2017-12-03 15:34:38,012 - line - 1, speed - 1, train -0
2017-12-03 15:34:38,342 - line - 1, speed - -1, train -0
2017-12-03 15:34:38,672 - line - 1, speed - 1, train -0
2017-12-03 15:34:39,002 - line - 1, speed - -1, train -0
2017-12-03 15:34:39,332 - line - 1, speed - 1, train -0
2017-12-03 15:34:39,663 - line - 1, speed - -1, train -0
2017-12-03 15:34:39,993 - line - 1, speed - 1, train -0
2017-12-03 15:34:40,323 - line - 1, speed - -1, train -0
2017-12-03 15:34:42,335 - line - 1, speed - 1, train -0
2017-12-03 15:34:42,665 - line - 1, speed - -1, train -0
2017-12-03 15:34:42,995 - line - 1, speed - 1, train -0
2017-12-03 15:34:43,325 - line - 1, speed - -1, train -0
2017-12-03 15:34:44,645 - line - 1, speed - 1, train -0
2017-12-03 15:34:44,975 - line - 1, speed - -1, train -0
2017-12-03 15:34:45,305 - line - 1, speed - 1, train -0
2017-12-03 15:34:46,064 - line - 1, speed - -1, train -0
2017-12-03 15:34:46,394 - line - 1, speed - 1, train -0
2017-12-03 15:34:46,724 - line - 1, speed - -1, train -0
2017-12-03 15:34:47,054 - line - 1, speed - 1, train -0
2017-12-03 15:34:47,384 - line - 1, speed - -1, train -0
2017-12-03 15:34:48,242 - line - 1, speed - 1, train -0
2017-12-03 15:34:48,572 - line - 1, speed - -1, train -0
2017-12-03 15:35:15,957 - Login
2017-12-03 15:35:41,515 - Login
2017-12-03 15:35:44,871 - line - 1, speed - 1, train -0
2017-12-03 15:35:48,369 - line - 1, speed - -1, train -0
2017-12-03 15:35:50,085 - line - 1, speed - 1, train -0
2017-12-03 15:36:03,186 - Login
2017-12-03 15:44:57,662 - Login
2017-12-03 15:46:19,372 - Login
2017-12-03 15:47:15,909 - Login
2017-12-03 15:49:08,856 - Login
2017-12-03 15:53:18,292 - Login
2017-12-03 15:53:19,776 - line - 1, speed - 1, train -0
2017-12-03 15:54:23,963 - Login
2017-12-03 15:55:13,403 - Login
2017-12-03 15:55:14,449 - line - 1, speed - 1, train -0
2017-12-03 15:55:15,439 - line - 1, speed - -1, train -0
2017-12-03 15:55:17,386 - line - 1, speed - 1, train -0
2017-12-03 15:55:17,881 - line - 1, speed - -1, train -0
2017-12-03 15:55:18,310 - line - 1, speed - 1, train -0
2017-12-03 15:55:18,640 - line - 1, speed - -1, train -0
2017-12-03 15:55:19,003 - line - 1, speed - 1, train -0
2017-12-03 15:55:19,366 - line - 1, speed - -1, train -0
2017-12-03 15:55:23,227 - line - 1, speed - 1, train -0
2017-12-03 15:55:24,382 - line - 1, speed - -1, train -0
2017-12-03 15:55:24,943 - line - 1, speed - 1, train -0
2017-12-03 15:55:25,537 - line - 1, speed - -1, train -0
2017-12-03 15:55:26,593 - line - 1, speed - 1, train -0
2017-12-03 15:55:26,923 - line - 1, speed - -1, train -0
2017-12-03 15:55:27,187 - line - 1, speed - 1, train -0
2017-12-03 15:55:27,517 - line - 1, speed - -1, train -0
2017-12-03 15:55:27,880 - line - 1, speed - 1, train -0
2017-12-03 15:55:28,243 - line - 1, speed - -1, train -0
2017-12-03 15:55:28,540 - line - 1, speed - 1, train -0
2017-12-03 15:55:28,870 - line - 1, speed - -1, train -0
2017-12-03 15:55:29,233 - line - 1, speed - 1, train -0
2017-12-03 15:55:29,563 - line - 1, speed - -1, train -0
2017-12-03 15:55:29,893 - line - 1, speed - 1, train -0
2017-12-03 15:55:30,223 - line - 1, speed - -1, train -0
2017-12-03 15:55:30,553 - line - 1, speed - 1, train -0
2017-12-03 15:55:30,916 - line - 1, speed - -1, train -0
2017-12-03 15:55:31,279 - line - 1, speed - 1, train -0
2017-12-03 15:55:31,642 - line - 1, speed - -1, train -0
2017-12-03 15:55:32,005 - line - 1, speed - 1, train -0
2017-12-03 15:55:32,368 - line - 1, speed - -1, train -0
2017-12-03 15:55:32,698 - line - 1, speed - 1, train -0
2017-12-03 15:55:33,061 - line - 1, speed - -1, train -0
2017-12-03 15:55:33,424 - line - 1, speed - 1, train -0
2017-12-03 15:55:33,754 - line - 1, speed - -1, train -0
2017-12-03 15:55:34,084 - line - 1, speed - 1, train -0
2017-12-03 15:55:34,449 - line - 1, speed - -1, train -0
2017-12-03 15:55:34,812 - line - 1, speed - 1, train -0
2017-12-03 15:55:35,175 - line - 1, speed - -1, train -0
2017-12-03 15:55:35,604 - line - 1, speed - 1, train -0
2017-12-03 15:55:35,934 - line - 1, speed - -1, train -0
